<?xml version="1.0" encoding="UTF-8"?>
<testng-results ignored="0" total="1" passed="1" failed="0" skipped="0">
  <reporter-output>
  </reporter-output>
  <suite started-at="2022-01-09T22:17:37 IST" name="Default suite" finished-at="2022-01-09T22:18:38 IST" duration-ms="61260">
    <groups>
    </groups>
    <test started-at="2022-01-09T22:17:37 IST" name="Default test" finished-at="2022-01-09T22:18:38 IST" duration-ms="61260">
      <class name="Task.Task.AppTest">
        <test-method signature="Testing()[pri:0, instance:Task.Task.AppTest@1eb5174b]" started-at="2022-01-09T22:17:37 IST" name="Testing" finished-at="2022-01-09T22:18:38 IST" duration-ms="61217" status="PASS">
          <reporter-output>
          </reporter-output>
        </test-method> <!-- Testing -->
      </class> <!-- Task.Task.AppTest -->
    </test> <!-- Default test -->
  </suite> <!-- Default suite -->
</testng-results>
